<?xml version="1.0" encoding="UTF-8"?>
<!-- Generated by org.testng.reporters.JUnitReportReporter -->
<testsuite hostname="DESKTOP-ADOO983" failures="0" tests="1" name="com.fis.testCases.AccountsTest" time="24.021" errors="0" timestamp="2022-12-26T08:12:30 IST" skipped="0">
  <testcase classname="com.fis.testCases.AccountsTest" name="addNewAccounts" time="24.021"/>
  <system-out/>
</testsuite> <!-- com.fis.testCases.AccountsTest -->
